20:33:56 **** Build of configuration Debug for project Arduino_ADK_USB_HOST ****
make all 
Building file: ../other/aJson-master/utility/stringbuffer.c
Invoking: AVR Compiler
avr-gcc -I"/Users/francispapineau/Documents/4th year project/Source Code/Black-Box-Mouse-Interface/Arduino ADK USB Host/arduino/cores/arduino" -I"/Users/francispapineau/Documents/4th year project/Source Code/Black-Box-Mouse-Interface/Arduino ADK USB Host/arduino/variants/mega" -Wall -g2 -gstabs -Os -fpack-struct -fshort-enums -std=gnu99 -funsigned-char -funsigned-bitfields -mmcu=atmega16 -DF_CPU=1000000UL -MMD -MP -MF"other/aJson-master/utility/stringbuffer.d" -MT"other/aJson-master/utility/stringbuffer.d" -c -o "other/aJson-master/utility/stringbuffer.o" "../other/aJson-master/utility/stringbuffer.c"
Finished building: ../other/aJson-master/utility/stringbuffer.c
 
Building file: ../other/aJson-master/aJSON.cpp
Invoking: AVR C++ Compiler
avr-g++ -I"/Users/francispapineau/Documents/4th year project/Source Code/Black-Box-Mouse-Interface/Arduino ADK USB Host/arduino/variants/mega" -I"/Users/francispapineau/Documents/4th year project/Source Code/Black-Box-Mouse-Interface/Arduino ADK USB Host/arduino/cores/arduino" -Wall -g2 -gstabs -Os -fpack-struct -fshort-enums -funsigned-char -funsigned-bitfields -fno-exceptions -mmcu=atmega16 -DF_CPU=1000000UL -MMD -MP -MF"other/aJson-master/aJSON.d" -MT"other/aJson-master/aJSON.d" -c -o "other/aJson-master/aJSON.o" "../other/aJson-master/aJSON.cpp"
In file included from /Users/francispapineau/Documents/4th year project/Source Code/Black-Box-Mouse-Interface/Arduino ADK USB Host/arduino/cores/arduino/Arduino.h:10:0,
                 from ../other/aJson-master/aJSON.h:31,
                 from ../other/aJson-master/aJSON.cpp:41:
/usr/local/CrossPack-AVR-20120217/lib/gcc/avr/4.5.1/../../../../avr/include/avr/interrupt.h:126:23: error: "[" may not appear in macro parameter list
In file included from /Users/francispapineau/Documents/4th year project/Source Code/Black-Box-Mouse-Interface/Arduino ADK USB Host/arduino/cores/arduino/Client.h:5:0,
                 from ../other/aJson-master/aJSON.h:30,
                 from ../other/aJson-master/aJSON.cpp:41:
/Users/francispapineau/Documents/4th year project/Source Code/Black-Box-Mouse-Interface/Arduino ADK USB Host/arduino/cores/arduino/IPAddress.h: In member function 'IPAddress::operator uint32_t()':
/Users/francispapineau/Documents/4th year project/Source Code/Black-Box-Mouse-Interface/Arduino ADK USB Host/arduino/cores/arduino/IPAddress.h:51:55: warning: dereferencing type-punned pointer will break strict-aliasing rules
/Users/francispapineau/Documents/4th year project/Source Code/Black-Box-Mouse-Interface/Arduino ADK USB Host/arduino/cores/arduino/IPAddress.h: In member function 'bool IPAddress::operator==(const IPAddress&)':
/Users/francispapineau/Documents/4th year project/Source Code/Black-Box-Mouse-Interface/Arduino ADK USB Host/arduino/cores/arduino/IPAddress.h:52:75: warning: dereferencing type-punned pointer will break strict-aliasing rules
/Users/francispapineau/Documents/4th year project/Source Code/Black-Box-Mouse-Interface/Arduino ADK USB Host/arduino/cores/arduino/IPAddress.h:52:108: warning: dereferencing type-punned pointer will break strict-aliasing rules
../other/aJson-master/aJSON.cpp: In member function 'int aJsonStream::printArray(aJsonObject*)':
../other/aJson-master/aJSON.cpp:773:27: warning: comparison between signed and unsigned integer expressions
../other/aJson-master/aJSON.cpp:786:35: warning: comparison between signed and unsigned integer expressions
../other/aJson-master/aJSON.cpp:792:27: warning: comparison between signed and unsigned integer expressions
../other/aJson-master/aJSON.cpp: In member function 'int aJsonStream::printObject(aJsonObject*)':
../other/aJson-master/aJSON.cpp:884:27: warning: comparison between signed and unsigned integer expressions
../other/aJson-master/aJSON.cpp:894:31: warning: comparison between signed and unsigned integer expressions
../other/aJson-master/aJSON.cpp:905:35: warning: comparison between signed and unsigned integer expressions
../other/aJson-master/aJSON.cpp:911:27: warning: comparison between signed and unsigned integer expressions
make: *** [other/aJson-master/aJSON.o] Error 1

20:33:57 Build Finished (took 596ms)

