\BOOKMARK [0][-]{chapter.1}{\376\377\000D\000a\000t\000a\000\040\000S\000t\000r\000u\000c\000t\000u\000r\000e\000\040\000I\000n\000d\000e\000x}{}% 1
\BOOKMARK [1][-]{section.1.1}{\376\377\000D\000a\000t\000a\000\040\000S\000t\000r\000u\000c\000t\000u\000r\000e\000s}{chapter.1}% 2
\BOOKMARK [0][-]{chapter.2}{\376\377\000F\000i\000l\000e\000\040\000I\000n\000d\000e\000x}{}% 3
\BOOKMARK [1][-]{section.2.1}{\376\377\000F\000i\000l\000e\000\040\000L\000i\000s\000t}{chapter.2}% 4
\BOOKMARK [0][-]{chapter.3}{\376\377\000D\000a\000t\000a\000\040\000S\000t\000r\000u\000c\000t\000u\000r\000e\000\040\000D\000o\000c\000u\000m\000e\000n\000t\000a\000t\000i\000o\000n}{}% 5
\BOOKMARK [1][-]{section.3.1}{\376\377\000C\000O\000M\000M\000A\000N\000D\000\137\000I\000N\000T\000E\000R\000P\000R\000E\000T\000E\000R\000\040\000C\000l\000a\000s\000s\000\040\000R\000e\000f\000e\000r\000e\000n\000c\000e}{chapter.3}% 6
\BOOKMARK [2][-]{subsection.3.1.1}{\376\377\000D\000e\000t\000a\000i\000l\000e\000d\000\040\000D\000e\000s\000c\000r\000i\000p\000t\000i\000o\000n}{section.3.1}% 7
\BOOKMARK [2][-]{subsection.3.1.2}{\376\377\000C\000o\000n\000s\000t\000r\000u\000c\000t\000o\000r\000\040\000\046\000\040\000D\000e\000s\000t\000r\000u\000c\000t\000o\000r\000\040\000D\000o\000c\000u\000m\000e\000n\000t\000a\000t\000i\000o\000n}{section.3.1}% 8
\BOOKMARK [3][-]{subsubsection.3.1.2.1}{\376\377\000C\000O\000M\000M\000A\000N\000D\000\137\000I\000N\000T\000E\000R\000P\000R\000E\000T\000E\000R}{subsection.3.1.2}% 9
\BOOKMARK [2][-]{subsection.3.1.3}{\376\377\000M\000e\000m\000b\000e\000r\000\040\000F\000u\000n\000c\000t\000i\000o\000n\000\040\000D\000o\000c\000u\000m\000e\000n\000t\000a\000t\000i\000o\000n}{section.3.1}% 10
\BOOKMARK [3][-]{subsubsection.3.1.3.1}{\376\377\000l\000o\000a\000d}{subsection.3.1.3}% 11
\BOOKMARK [3][-]{subsubsection.3.1.3.2}{\376\377\000s\000e\000n\000d\000\137\000c\000m\000d}{subsection.3.1.3}% 12
\BOOKMARK [1][-]{section.3.2}{\376\377\000D\000E\000B\000U\000G\000\137\000A\000P\000I\000\040\000C\000l\000a\000s\000s\000\040\000R\000e\000f\000e\000r\000e\000n\000c\000e}{chapter.3}% 13
\BOOKMARK [2][-]{subsection.3.2.1}{\376\377\000D\000e\000t\000a\000i\000l\000e\000d\000\040\000D\000e\000s\000c\000r\000i\000p\000t\000i\000o\000n}{section.3.2}% 14
\BOOKMARK [2][-]{subsection.3.2.2}{\376\377\000C\000o\000n\000s\000t\000r\000u\000c\000t\000o\000r\000\040\000\046\000\040\000D\000e\000s\000t\000r\000u\000c\000t\000o\000r\000\040\000D\000o\000c\000u\000m\000e\000n\000t\000a\000t\000i\000o\000n}{section.3.2}% 15
\BOOKMARK [3][-]{subsubsection.3.2.2.1}{\376\377\000D\000E\000B\000U\000G\000\137\000A\000P\000I}{subsection.3.2.2}% 16
\BOOKMARK [2][-]{subsection.3.2.3}{\376\377\000M\000e\000m\000b\000e\000r\000\040\000F\000u\000n\000c\000t\000i\000o\000n\000\040\000D\000o\000c\000u\000m\000e\000n\000t\000a\000t\000i\000o\000n}{section.3.2}% 17
\BOOKMARK [3][-]{subsubsection.3.2.3.1}{\376\377\000d\000i\000s\000a\000b\000l\000e\000\137\000d\000e\000b\000u\000g}{subsection.3.2.3}% 18
\BOOKMARK [3][-]{subsubsection.3.2.3.2}{\376\377\000e\000n\000a\000b\000l\000e\000\137\000d\000e\000b\000u\000g}{subsection.3.2.3}% 19
\BOOKMARK [3][-]{subsubsection.3.2.3.3}{\376\377\000g\000e\000t\000\137\000n\000u\000m\000b\000e\000r\000\137\000o\000f}{subsection.3.2.3}% 20
\BOOKMARK [3][-]{subsubsection.3.2.3.4}{\376\377\000p\000r\000i\000n\000t\000\137\000e\000r\000r\000o\000r}{subsection.3.2.3}% 21
\BOOKMARK [3][-]{subsubsection.3.2.3.5}{\376\377\000s\000e\000t\000\137\000l\000e\000d\000s}{subsection.3.2.3}% 22
\BOOKMARK [3][-]{subsubsection.3.2.3.6}{\376\377\000t\000e\000s\000t\000\137\000l\000e\000d\000s}{subsection.3.2.3}% 23
\BOOKMARK [1][-]{section.3.3}{\376\377\000D\000E\000B\000U\000G\000\137\000C\000O\000D\000E\000S\000\137\000S\000T\000R\000U\000C\000T\000\040\000S\000t\000r\000u\000c\000t\000\040\000R\000e\000f\000e\000r\000e\000n\000c\000e}{chapter.3}% 24
\BOOKMARK [2][-]{subsection.3.3.1}{\376\377\000D\000e\000t\000a\000i\000l\000e\000d\000\040\000D\000e\000s\000c\000r\000i\000p\000t\000i\000o\000n}{section.3.3}% 25
\BOOKMARK [2][-]{subsection.3.3.2}{\376\377\000F\000i\000e\000l\000d\000\040\000D\000o\000c\000u\000m\000e\000n\000t\000a\000t\000i\000o\000n}{section.3.3}% 26
\BOOKMARK [3][-]{subsubsection.3.3.2.1}{\376\377\000E\000R\000R\000O\000R\000\137\000I\000N\000D\000E\000X}{subsection.3.3.2}% 27
\BOOKMARK [1][-]{section.3.4}{\376\377\000E\000M\000U\000L\000A\000T\000I\000O\000N\000\137\000D\000E\000V\000I\000C\000E\000\040\000C\000l\000a\000s\000s\000\040\000R\000e\000f\000e\000r\000e\000n\000c\000e}{chapter.3}% 28
\BOOKMARK [2][-]{subsection.3.4.1}{\376\377\000D\000e\000t\000a\000i\000l\000e\000d\000\040\000D\000e\000s\000c\000r\000i\000p\000t\000i\000o\000n}{section.3.4}% 29
\BOOKMARK [2][-]{subsection.3.4.2}{\376\377\000M\000e\000m\000b\000e\000r\000\040\000F\000u\000n\000c\000t\000i\000o\000n\000\040\000D\000o\000c\000u\000m\000e\000n\000t\000a\000t\000i\000o\000n}{section.3.4}% 30
\BOOKMARK [3][-]{subsubsection.3.4.2.1}{\376\377\000e\000m\000u\000l\000a\000t\000e\000\137\000u\000s\000b}{subsection.3.4.2}% 31
\BOOKMARK [3][-]{subsubsection.3.4.2.2}{\376\377\000g\000e\000t\000\137\000p\000a\000c\000k\000e\000t\000\137\000i\000d}{subsection.3.4.2}% 32
\BOOKMARK [1][-]{section.3.5}{\376\377\000e\000r\000r\000o\000r\000\137\000m\000e\000s\000s\000a\000g\000e\000\137\000t\000\040\000S\000t\000r\000u\000c\000t\000\040\000R\000e\000f\000e\000r\000e\000n\000c\000e}{chapter.3}% 33
\BOOKMARK [2][-]{subsection.3.5.1}{\376\377\000D\000e\000t\000a\000i\000l\000e\000d\000\040\000D\000e\000s\000c\000r\000i\000p\000t\000i\000o\000n}{section.3.5}% 34
\BOOKMARK [2][-]{subsection.3.5.2}{\376\377\000F\000i\000e\000l\000d\000\040\000D\000o\000c\000u\000m\000e\000n\000t\000a\000t\000i\000o\000n}{section.3.5}% 35
\BOOKMARK [3][-]{subsubsection.3.5.2.1}{\376\377\000e\000r\000r\000o\000r\000\137\000c\000o\000d\000e}{subsection.3.5.2}% 36
\BOOKMARK [3][-]{subsubsection.3.5.2.2}{\376\377\000s\000e\000n\000s\000o\000r\000\137\000a\000d\000d\000r\000e\000s\000s}{subsection.3.5.2}% 37
\BOOKMARK [3][-]{subsubsection.3.5.2.3}{\376\377\000s\000e\000n\000s\000o\000r\000\137\000i\000d}{subsection.3.5.2}% 38
\BOOKMARK [1][-]{section.3.6}{\376\377\000E\000R\000R\000O\000R\000\137\000T\000Y\000P\000E\000\137\000C\000O\000U\000N\000T\000S\000\040\000S\000t\000r\000u\000c\000t\000\040\000R\000e\000f\000e\000r\000e\000n\000c\000e}{chapter.3}% 39
\BOOKMARK [2][-]{subsection.3.6.1}{\376\377\000D\000e\000t\000a\000i\000l\000e\000d\000\040\000D\000e\000s\000c\000r\000i\000p\000t\000i\000o\000n}{section.3.6}% 40
\BOOKMARK [2][-]{subsection.3.6.2}{\376\377\000F\000i\000e\000l\000d\000\040\000D\000o\000c\000u\000m\000e\000n\000t\000a\000t\000i\000o\000n}{section.3.6}% 41
\BOOKMARK [3][-]{subsubsection.3.6.2.1}{\376\377\000d\000e\000b\000u\000g\000\137\000e\000r\000r\000o\000r\000s}{subsection.3.6.2}% 42
\BOOKMARK [3][-]{subsubsection.3.6.2.2}{\376\377\000i\000n\000f\000o\000\137\000e\000r\000r\000o\000r\000s}{subsection.3.6.2}% 43
\BOOKMARK [3][-]{subsubsection.3.6.2.3}{\376\377\000m\000e\000m\000o\000r\000y\000\137\000e\000r\000r\000o\000r\000s}{subsection.3.6.2}% 44
\BOOKMARK [3][-]{subsubsection.3.6.2.4}{\376\377\000w\000a\000r\000n\000i\000n\000g\000s\000\137\000e\000r\000r\000o\000r\000s}{subsection.3.6.2}% 45
\BOOKMARK [1][-]{section.3.7}{\376\377\000l\000o\000c\000a\000l\000\137\000c\000o\000m\000m\000a\000n\000d\000\137\000t\000\040\000S\000t\000r\000u\000c\000t\000\040\000R\000e\000f\000e\000r\000e\000n\000c\000e}{chapter.3}% 46
\BOOKMARK [2][-]{subsection.3.7.1}{\376\377\000D\000e\000t\000a\000i\000l\000e\000d\000\040\000D\000e\000s\000c\000r\000i\000p\000t\000i\000o\000n}{section.3.7}% 47
\BOOKMARK [2][-]{subsection.3.7.2}{\376\377\000F\000i\000e\000l\000d\000\040\000D\000o\000c\000u\000m\000e\000n\000t\000a\000t\000i\000o\000n}{section.3.7}% 48
\BOOKMARK [3][-]{subsubsection.3.7.2.1}{\376\377\000c\000o\000m\000m\000a\000n\000d\000\137\000i\000d}{subsection.3.7.2}% 49
\BOOKMARK [3][-]{subsubsection.3.7.2.2}{\376\377\000t\000a\000r\000g\000e\000t\000\137\000a\000d\000d\000r\000e\000s\000s}{subsection.3.7.2}% 50
\BOOKMARK [1][-]{section.3.8}{\376\377\000n\000u\000m\000b\000e\000r\000\137\000o\000f\000\137\000c\000h\000a\000n\000n\000e\000l\000s\000\137\000t\000\040\000S\000t\000r\000u\000c\000t\000\040\000R\000e\000f\000e\000r\000e\000n\000c\000e}{chapter.3}% 51
\BOOKMARK [2][-]{subsection.3.8.1}{\376\377\000D\000e\000t\000a\000i\000l\000e\000d\000\040\000D\000e\000s\000c\000r\000i\000p\000t\000i\000o\000n}{section.3.8}% 52
\BOOKMARK [2][-]{subsection.3.8.2}{\376\377\000F\000i\000e\000l\000d\000\040\000D\000o\000c\000u\000m\000e\000n\000t\000a\000t\000i\000o\000n}{section.3.8}% 53
\BOOKMARK [3][-]{subsubsection.3.8.2.1}{\376\377\000n\000u\000m\000b\000e\000r\000\137\000o\000f\000\137\000c\000h\000a\000n\000n\000e\000l\000s}{subsection.3.8.2}% 54
\BOOKMARK [3][-]{subsubsection.3.8.2.2}{\376\377\000s\000e\000n\000s\000o\000r\000\137\000i\000d}{subsection.3.8.2}% 55
\BOOKMARK [1][-]{section.3.9}{\376\377\000n\000u\000m\000b\000e\000r\000\137\000o\000f\000\137\000s\000e\000n\000s\000o\000r\000s\000\137\000t\000\040\000S\000t\000r\000u\000c\000t\000\040\000R\000e\000f\000e\000r\000e\000n\000c\000e}{chapter.3}% 56
\BOOKMARK [2][-]{subsection.3.9.1}{\376\377\000D\000e\000t\000a\000i\000l\000e\000d\000\040\000D\000e\000s\000c\000r\000i\000p\000t\000i\000o\000n}{section.3.9}% 57
\BOOKMARK [2][-]{subsection.3.9.2}{\376\377\000F\000i\000e\000l\000d\000\040\000D\000o\000c\000u\000m\000e\000n\000t\000a\000t\000i\000o\000n}{section.3.9}% 58
\BOOKMARK [3][-]{subsubsection.3.9.2.1}{\376\377\000n\000u\000m\000b\000e\000r\000\137\000o\000f\000\137\000s\000e\000n\000s\000o\000r\000s}{subsection.3.9.2}% 59
\BOOKMARK [1][-]{section.3.10}{\376\377\000N\000V\000R\000A\000M\000:\000:\000n\000v\000\137\000d\000a\000t\000a\000\137\000t\000\040\000S\000t\000r\000u\000c\000t\000\040\000R\000e\000f\000e\000r\000e\000n\000c\000e}{chapter.3}% 60
\BOOKMARK [2][-]{subsection.3.10.1}{\376\377\000D\000e\000t\000a\000i\000l\000e\000d\000\040\000D\000e\000s\000c\000r\000i\000p\000t\000i\000o\000n}{section.3.10}% 61
\BOOKMARK [2][-]{subsection.3.10.2}{\376\377\000F\000i\000e\000l\000d\000\040\000D\000o\000c\000u\000m\000e\000n\000t\000a\000t\000i\000o\000n}{section.3.10}% 62
\BOOKMARK [3][-]{subsubsection.3.10.2.1}{\376\377\000\137\000p\000a\000u\000s\000e\000\137\000r\000o\000u\000t\000e\000r}{subsection.3.10.2}% 63
\BOOKMARK [3][-]{subsubsection.3.10.2.2}{\376\377\000\137\000p\000a\000u\000s\000e\000\137\000s\000e\000n\000s\000o\000r}{subsection.3.10.2}% 64
\BOOKMARK [3][-]{subsubsection.3.10.2.3}{\376\377\000\137\000p\000i\000n\000g\000\137\000r\000o\000u\000t\000e\000r}{subsection.3.10.2}% 65
\BOOKMARK [3][-]{subsubsection.3.10.2.4}{\376\377\000\137\000p\000i\000n\000g\000\137\000s\000e\000n\000s\000o\000r}{subsection.3.10.2}% 66
\BOOKMARK [3][-]{subsubsection.3.10.2.5}{\376\377\000\137\000p\000o\000w\000e\000r\000\137\000o\000n\000\137\000r\000o\000u\000t\000e\000r}{subsection.3.10.2}% 67
\BOOKMARK [3][-]{subsubsection.3.10.2.6}{\376\377\000\137\000p\000o\000w\000e\000r\000\137\000o\000n\000\137\000s\000e\000n\000s\000o\000r}{subsection.3.10.2}% 68
\BOOKMARK [3][-]{subsubsection.3.10.2.7}{\376\377\000\137\000p\000o\000w\000e\000r\000o\000f\000f\000\137\000r\000o\000u\000t\000e\000r}{subsection.3.10.2}% 69
\BOOKMARK [3][-]{subsubsection.3.10.2.8}{\376\377\000\137\000p\000o\000w\000e\000r\000o\000f\000f\000\137\000s\000e\000n\000s\000o\000r}{subsection.3.10.2}% 70
\BOOKMARK [3][-]{subsubsection.3.10.2.9}{\376\377\000\137\000r\000e\000q\000u\000e\000s\000t\000\137\000n\000m\000a\000p}{subsection.3.10.2}% 71
\BOOKMARK [3][-]{subsubsection.3.10.2.10}{\376\377\000\137\000r\000e\000q\000u\000e\000s\000t\000\137\000r\000o\000u\000t\000e\000r\000\137\000c\000o\000n\000f\000i\000g}{subsection.3.10.2}% 72
\BOOKMARK [3][-]{subsubsection.3.10.2.11}{\376\377\000\137\000r\000e\000q\000u\000e\000s\000t\000\137\000r\000o\000u\000t\000e\000r\000\137\000r\000u\000n}{subsection.3.10.2}% 73
\BOOKMARK [3][-]{subsubsection.3.10.2.12}{\376\377\000\137\000r\000e\000q\000u\000e\000s\000t\000\137\000r\000o\000u\000t\000e\000r\000\137\000s\000t\000a\000t\000u\000s}{subsection.3.10.2}% 74
\BOOKMARK [3][-]{subsubsection.3.10.2.13}{\376\377\000\137\000r\000e\000q\000u\000e\000s\000t\000\137\000s\000e\000n\000s\000o\000r\000\137\000c\000h\000a\000n\000n\000e\000l}{subsection.3.10.2}% 75
\BOOKMARK [3][-]{subsubsection.3.10.2.14}{\376\377\000\137\000r\000e\000q\000u\000e\000s\000t\000\137\000s\000e\000n\000s\000o\000r\000\137\000c\000h\000a\000n\000n\000e\000l\000s}{subsection.3.10.2}% 76
\BOOKMARK [3][-]{subsubsection.3.10.2.15}{\376\377\000\137\000r\000e\000q\000u\000e\000s\000t\000\137\000s\000e\000n\000s\000o\000r\000\137\000c\000o\000n\000f\000i\000g}{subsection.3.10.2}% 77
\BOOKMARK [3][-]{subsubsection.3.10.2.16}{\376\377\000\137\000r\000e\000q\000u\000e\000s\000t\000\137\000s\000e\000n\000s\000o\000r\000\137\000e\000n\000a\000b\000l\000e}{subsection.3.10.2}% 78
\BOOKMARK [3][-]{subsubsection.3.10.2.17}{\376\377\000\137\000r\000e\000q\000u\000e\000s\000t\000\137\000s\000e\000n\000s\000o\000r\000\137\000n\000u\000m\000b\000e\000r}{subsection.3.10.2}% 79
\BOOKMARK [3][-]{subsubsection.3.10.2.18}{\376\377\000\137\000w\000a\000k\000e\000u\000p\000\137\000r\000o\000u\000t\000e\000r}{subsection.3.10.2}% 80
\BOOKMARK [3][-]{subsubsection.3.10.2.19}{\376\377\000\137\000w\000a\000k\000e\000u\000p\000\137\000s\000e\000n\000s\000o\000r}{subsection.3.10.2}% 81
\BOOKMARK [3][-]{subsubsection.3.10.2.20}{\376\377\000b\000u\000t\000t\000o\000n\0001\000\137\000s\000e\000t\000t\000i\000n\000g}{subsection.3.10.2}% 82
\BOOKMARK [3][-]{subsubsection.3.10.2.21}{\376\377\000b\000u\000t\000t\000o\000n\0002\000\137\000s\000e\000t\000t\000i\000n\000g}{subsection.3.10.2}% 83
\BOOKMARK [3][-]{subsubsection.3.10.2.22}{\376\377\000b\000u\000t\000t\000o\000n\000\137\0001}{subsection.3.10.2}% 84
\BOOKMARK [3][-]{subsubsection.3.10.2.23}{\376\377\000b\000u\000t\000t\000o\000n\000\137\0002}{subsection.3.10.2}% 85
\BOOKMARK [3][-]{subsubsection.3.10.2.24}{\376\377\000d\000e\000v\000i\000c\000e\000\137\000m\000o\000d\000e}{subsection.3.10.2}% 86
\BOOKMARK [3][-]{subsubsection.3.10.2.25}{\376\377\000l\000e\000d\0001\000\137\000s\000e\000t\000t\000i\000n\000g}{subsection.3.10.2}% 87
\BOOKMARK [3][-]{subsubsection.3.10.2.26}{\376\377\000l\000e\000d\0002\000\137\000s\000e\000t\000t\000i\000n\000g}{subsection.3.10.2}% 88
\BOOKMARK [3][-]{subsubsection.3.10.2.27}{\376\377\000l\000e\000d\0003\000\137\000s\000e\000t\000t\000i\000n\000g}{subsection.3.10.2}% 89
\BOOKMARK [3][-]{subsubsection.3.10.2.28}{\376\377\000l\000e\000d\0004\000\137\000s\000e\000t\000t\000i\000n\000g}{subsection.3.10.2}% 90
\BOOKMARK [3][-]{subsubsection.3.10.2.29}{\376\377\000l\000e\000d\000\137\0001}{subsection.3.10.2}% 91
\BOOKMARK [3][-]{subsubsection.3.10.2.30}{\376\377\000l\000e\000d\000\137\0002}{subsection.3.10.2}% 92
\BOOKMARK [3][-]{subsubsection.3.10.2.31}{\376\377\000l\000e\000d\000\137\0003}{subsection.3.10.2}% 93
\BOOKMARK [3][-]{subsubsection.3.10.2.32}{\376\377\000l\000e\000d\000\137\0004}{subsection.3.10.2}% 94
\BOOKMARK [3][-]{subsubsection.3.10.2.33}{\376\377\000n\000o\000d\000e\000\137\000a\000d\000d\000r\000e\000s\000s}{subsection.3.10.2}% 95
\BOOKMARK [3][-]{subsubsection.3.10.2.34}{\376\377\000s\000e\000r\000i\000a\000l\0001\000\137\000s\000p\000e\000e\000d}{subsection.3.10.2}% 96
\BOOKMARK [3][-]{subsubsection.3.10.2.35}{\376\377\000s\000e\000r\000i\000a\000l\0002\000\137\000s\000p\000e\000e\000d}{subsection.3.10.2}% 97
\BOOKMARK [3][-]{subsubsection.3.10.2.36}{\376\377\000s\000e\000r\000i\000a\000l\0003\000\137\000s\000p\000e\000e\000d}{subsection.3.10.2}% 98
\BOOKMARK [1][-]{section.3.11}{\376\377\000N\000V\000R\000A\000M\000\040\000C\000l\000a\000s\000s\000\040\000R\000e\000f\000e\000r\000e\000n\000c\000e}{chapter.3}% 99
\BOOKMARK [2][-]{subsection.3.11.1}{\376\377\000D\000e\000t\000a\000i\000l\000e\000d\000\040\000D\000e\000s\000c\000r\000i\000p\000t\000i\000o\000n}{section.3.11}% 100
\BOOKMARK [2][-]{subsection.3.11.2}{\376\377\000M\000e\000m\000b\000e\000r\000\040\000F\000u\000n\000c\000t\000i\000o\000n\000\040\000D\000o\000c\000u\000m\000e\000n\000t\000a\000t\000i\000o\000n}{section.3.11}% 101
\BOOKMARK [3][-]{subsubsection.3.11.2.1}{\376\377\000l\000o\000a\000d}{subsection.3.11.2}% 102
\BOOKMARK [3][-]{subsubsection.3.11.2.2}{\376\377\000s\000a\000v\000e}{subsection.3.11.2}% 103
\BOOKMARK [2][-]{subsection.3.11.3}{\376\377\000F\000i\000e\000l\000d\000\040\000D\000o\000c\000u\000m\000e\000n\000t\000a\000t\000i\000o\000n}{section.3.11}% 104
\BOOKMARK [3][-]{subsubsection.3.11.3.1}{\376\377\000n\000v}{subsection.3.11.3}% 105
\BOOKMARK [1][-]{section.3.12}{\376\377\000P\000A\000C\000K\000E\000T\000\137\000D\000E\000C\000O\000D\000E\000R\000\040\000C\000l\000a\000s\000s\000\040\000R\000e\000f\000e\000r\000e\000n\000c\000e}{chapter.3}% 106
\BOOKMARK [2][-]{subsection.3.12.1}{\376\377\000D\000e\000t\000a\000i\000l\000e\000d\000\040\000D\000e\000s\000c\000r\000i\000p\000t\000i\000o\000n}{section.3.12}% 107
\BOOKMARK [2][-]{subsection.3.12.2}{\376\377\000C\000o\000n\000s\000t\000r\000u\000c\000t\000o\000r\000\040\000\046\000\040\000D\000e\000s\000t\000r\000u\000c\000t\000o\000r\000\040\000D\000o\000c\000u\000m\000e\000n\000t\000a\000t\000i\000o\000n}{section.3.12}% 108
\BOOKMARK [3][-]{subsubsection.3.12.2.1}{\376\377\000P\000A\000C\000K\000E\000T\000\137\000D\000E\000C\000O\000D\000E\000R}{subsection.3.12.2}% 109
\BOOKMARK [2][-]{subsection.3.12.3}{\376\377\000M\000e\000m\000b\000e\000r\000\040\000F\000u\000n\000c\000t\000i\000o\000n\000\040\000D\000o\000c\000u\000m\000e\000n\000t\000a\000t\000i\000o\000n}{section.3.12}% 110
\BOOKMARK [3][-]{subsubsection.3.12.3.1}{\376\377\000p\000o\000l\000l}{subsection.3.12.3}% 111
\BOOKMARK [2][-]{subsection.3.12.4}{\376\377\000F\000i\000e\000l\000d\000\040\000D\000o\000c\000u\000m\000e\000n\000t\000a\000t\000i\000o\000n}{section.3.12}% 112
\BOOKMARK [3][-]{subsubsection.3.12.4.1}{\376\377\000b\000y\000t\000e\000s}{subsection.3.12.4}% 113
\BOOKMARK [3][-]{subsubsection.3.12.4.2}{\376\377\000h\000e\000a\000d\000e\000r}{subsection.3.12.4}% 114
\BOOKMARK [3][-]{subsubsection.3.12.4.3}{\376\377\000p\000a\000c\000k\000e\000t}{subsection.3.12.4}% 115
\BOOKMARK [1][-]{section.3.13}{\376\377\000p\000a\000c\000k\000e\000t\000\137\000h\000a\000n\000d\000l\000e\000r\000\137\000t\000\040\000S\000t\000r\000u\000c\000t\000\040\000R\000e\000f\000e\000r\000e\000n\000c\000e}{chapter.3}% 116
\BOOKMARK [2][-]{subsection.3.13.1}{\376\377\000D\000e\000t\000a\000i\000l\000e\000d\000\040\000D\000e\000s\000c\000r\000i\000p\000t\000i\000o\000n}{section.3.13}% 117
\BOOKMARK [2][-]{subsection.3.13.2}{\376\377\000F\000i\000e\000l\000d\000\040\000D\000o\000c\000u\000m\000e\000n\000t\000a\000t\000i\000o\000n}{section.3.13}% 118
\BOOKMARK [3][-]{subsubsection.3.13.2.1}{\376\377\000a\000r\000g\000s}{subsection.3.13.2}% 119
\BOOKMARK [3][-]{subsubsection.3.13.2.2}{\376\377\000h\000a\000n\000d\000l\000e\000r}{subsection.3.13.2}% 120
\BOOKMARK [3][-]{subsubsection.3.13.2.3}{\376\377\000p\000a\000c\000k\000e\000t\000\137\000i\000d}{subsection.3.13.2}% 121
\BOOKMARK [1][-]{section.3.14}{\376\377\000p\000a\000c\000k\000e\000t\000\137\000h\000e\000a\000d\000e\000r\000\137\000t\000\040\000S\000t\000r\000u\000c\000t\000\040\000R\000e\000f\000e\000r\000e\000n\000c\000e}{chapter.3}% 122
\BOOKMARK [2][-]{subsection.3.14.1}{\376\377\000D\000e\000t\000a\000i\000l\000e\000d\000\040\000D\000e\000s\000c\000r\000i\000p\000t\000i\000o\000n}{section.3.14}% 123
\BOOKMARK [2][-]{subsection.3.14.2}{\376\377\000F\000i\000e\000l\000d\000\040\000D\000o\000c\000u\000m\000e\000n\000t\000a\000t\000i\000o\000n}{section.3.14}% 124
\BOOKMARK [3][-]{subsubsection.3.14.2.1}{\376\377\000m\000e\000s\000s\000a\000g\000e\000\137\000s\000i\000z\000e}{subsection.3.14.2}% 125
\BOOKMARK [3][-]{subsubsection.3.14.2.2}{\376\377\000n\000o\000d\000e\000\137\000i\000d}{subsection.3.14.2}% 126
\BOOKMARK [3][-]{subsubsection.3.14.2.3}{\376\377\000p\000a\000c\000k\000e\000t\000\137\000i\000d}{subsection.3.14.2}% 127
\BOOKMARK [3][-]{subsubsection.3.14.2.4}{\376\377\000p\000a\000c\000k\000e\000t\000\137\000v\000e\000r\000s\000i\000o\000n}{subsection.3.14.2}% 128
\BOOKMARK [3][-]{subsubsection.3.14.2.5}{\376\377\000s\000e\000n\000s\000o\000r\000\137\000i\000d}{subsection.3.14.2}% 129
\BOOKMARK [3][-]{subsubsection.3.14.2.6}{\376\377\000s\000e\000n\000s\000o\000r\000\137\000r\000u\000n\000\137\000t\000i\000m\000e}{subsection.3.14.2}% 130
\BOOKMARK [3][-]{subsubsection.3.14.2.7}{\376\377\000t\000i\000m\000e\000\137\000s\000t\000a\000m\000p}{subsection.3.14.2}% 131
\BOOKMARK [1][-]{section.3.15}{\376\377\000P\000A\000C\000K\000E\000T\000\137\000P\000A\000R\000S\000E\000R\000\040\000C\000l\000a\000s\000s\000\040\000R\000e\000f\000e\000r\000e\000n\000c\000e}{chapter.3}% 132
\BOOKMARK [2][-]{subsection.3.15.1}{\376\377\000D\000e\000t\000a\000i\000l\000e\000d\000\040\000D\000e\000s\000c\000r\000i\000p\000t\000i\000o\000n}{section.3.15}% 133
\BOOKMARK [2][-]{subsection.3.15.2}{\376\377\000C\000o\000n\000s\000t\000r\000u\000c\000t\000o\000r\000\040\000\046\000\040\000D\000e\000s\000t\000r\000u\000c\000t\000o\000r\000\040\000D\000o\000c\000u\000m\000e\000n\000t\000a\000t\000i\000o\000n}{section.3.15}% 134
\BOOKMARK [3][-]{subsubsection.3.15.2.1}{\376\377\000P\000A\000C\000K\000E\000T\000\137\000P\000A\000R\000S\000E\000R}{subsection.3.15.2}% 135
\BOOKMARK [2][-]{subsection.3.15.3}{\376\377\000M\000e\000m\000b\000e\000r\000\040\000F\000u\000n\000c\000t\000i\000o\000n\000\040\000D\000o\000c\000u\000m\000e\000n\000t\000a\000t\000i\000o\000n}{section.3.15}% 136
\BOOKMARK [3][-]{subsubsection.3.15.3.1}{\376\377\000p\000a\000r\000s\000e}{subsection.3.15.3}% 137
\BOOKMARK [1][-]{section.3.16}{\376\377\000r\000e\000m\000o\000t\000e\000\137\000r\000a\000d\000i\000o\000\137\000c\000o\000n\000f\000i\000g\000s\000\137\000t\000\040\000S\000t\000r\000u\000c\000t\000\040\000R\000e\000f\000e\000r\000e\000n\000c\000e}{chapter.3}% 138
\BOOKMARK [2][-]{subsection.3.16.1}{\376\377\000D\000e\000t\000a\000i\000l\000e\000d\000\040\000D\000e\000s\000c\000r\000i\000p\000t\000i\000o\000n}{section.3.16}% 139
\BOOKMARK [2][-]{subsection.3.16.2}{\376\377\000F\000i\000e\000l\000d\000\040\000D\000o\000c\000u\000m\000e\000n\000t\000a\000t\000i\000o\000n}{section.3.16}% 140
\BOOKMARK [3][-]{subsubsection.3.16.2.1}{\376\377\000v\000a\000l\000u\000e\000s}{subsection.3.16.2}% 141
\BOOKMARK [1][-]{section.3.17}{\376\377\000r\000e\000m\000o\000t\000e\000\137\000s\000e\000n\000s\000o\000r\000\137\000d\000a\000t\000a\000\137\000t\000\040\000C\000l\000a\000s\000s\000\040\000R\000e\000f\000e\000r\000e\000n\000c\000e}{chapter.3}% 142
\BOOKMARK [2][-]{subsection.3.17.1}{\376\377\000D\000e\000t\000a\000i\000l\000e\000d\000\040\000D\000e\000s\000c\000r\000i\000p\000t\000i\000o\000n}{section.3.17}% 143
\BOOKMARK [1][-]{section.3.18}{\376\377\000r\000o\000u\000t\000e\000r\000\137\000a\000c\000k\000\137\000i\000n\000f\000o\000\137\000t\000\040\000S\000t\000r\000u\000c\000t\000\040\000R\000e\000f\000e\000r\000e\000n\000c\000e}{chapter.3}% 144
\BOOKMARK [2][-]{subsection.3.18.1}{\376\377\000D\000e\000t\000a\000i\000l\000e\000d\000\040\000D\000e\000s\000c\000r\000i\000p\000t\000i\000o\000n}{section.3.18}% 145
\BOOKMARK [2][-]{subsection.3.18.2}{\376\377\000F\000i\000e\000l\000d\000\040\000D\000o\000c\000u\000m\000e\000n\000t\000a\000t\000i\000o\000n}{section.3.18}% 146
\BOOKMARK [3][-]{subsubsection.3.18.2.1}{\376\377\000a\000c\000k}{subsection.3.18.2}% 147
\BOOKMARK [1][-]{section.3.19}{\376\377\000r\000o\000u\000t\000e\000r\000\137\000d\000e\000b\000u\000g\000\137\000s\000t\000a\000t\000u\000s\000\137\000t\000\040\000S\000t\000r\000u\000c\000t\000\040\000R\000e\000f\000e\000r\000e\000n\000c\000e}{chapter.3}% 148
\BOOKMARK [2][-]{subsection.3.19.1}{\376\377\000D\000e\000t\000a\000i\000l\000e\000d\000\040\000D\000e\000s\000c\000r\000i\000p\000t\000i\000o\000n}{section.3.19}% 149
\BOOKMARK [2][-]{subsection.3.19.2}{\376\377\000F\000i\000e\000l\000d\000\040\000D\000o\000c\000u\000m\000e\000n\000t\000a\000t\000i\000o\000n}{section.3.19}% 150
\BOOKMARK [3][-]{subsubsection.3.19.2.1}{\376\377\000r\000o\000u\000t\000e\000r\000\137\000a\000c\000k\000s\000\137\000s\000e\000n\000t\000\137\000c\000o\000u\000n\000t\000e\000r}{subsection.3.19.2}% 151
\BOOKMARK [3][-]{subsubsection.3.19.2.2}{\376\377\000r\000o\000u\000t\000e\000r\000\137\000p\000a\000c\000k\000e\000t\000\137\000c\000o\000u\000n\000t\000e\000r}{subsection.3.19.2}% 152
\BOOKMARK [3][-]{subsubsection.3.19.2.3}{\376\377\000r\000o\000u\000t\000e\000r\000\137\000r\000x\000\137\000c\000o\000u\000n\000t}{subsection.3.19.2}% 153
\BOOKMARK [3][-]{subsubsection.3.19.2.4}{\376\377\000r\000o\000u\000t\000e\000r\000\137\000s\000e\000n\000t\000\137\000r\000e\000q\000u\000e\000s\000t\000\137\000c\000o\000u\000n\000t\000e\000r}{subsection.3.19.2}% 154
\BOOKMARK [3][-]{subsubsection.3.19.2.5}{\376\377\000r\000o\000u\000t\000e\000r\000\137\000t\000x\000\137\000c\000o\000u\000n\000t}{subsection.3.19.2}% 155
\BOOKMARK [1][-]{section.3.20}{\376\377\000r\000o\000u\000t\000e\000r\000\137\000h\000e\000a\000r\000t\000b\000e\000a\000t\000\137\000t\000\040\000S\000t\000r\000u\000c\000t\000\040\000R\000e\000f\000e\000r\000e\000n\000c\000e}{chapter.3}% 156
\BOOKMARK [2][-]{subsection.3.20.1}{\376\377\000D\000e\000t\000a\000i\000l\000e\000d\000\040\000D\000e\000s\000c\000r\000i\000p\000t\000i\000o\000n}{section.3.20}% 157
\BOOKMARK [2][-]{subsection.3.20.2}{\376\377\000F\000i\000e\000l\000d\000\040\000D\000o\000c\000u\000m\000e\000n\000t\000a\000t\000i\000o\000n}{section.3.20}% 158
\BOOKMARK [3][-]{subsubsection.3.20.2.1}{\376\377\000b\000a\000t\000t\000e\000r\000y\000\137\000v\000o\000l\000t\000a\000g\000e}{subsection.3.20.2}% 159
\BOOKMARK [3][-]{subsubsection.3.20.2.2}{\376\377\000r\000o\000u\000t\000e\000r\000\137\000m\000o\000d\000e}{subsection.3.20.2}% 160
\BOOKMARK [1][-]{section.3.21}{\376\377\000r\000o\000u\000t\000e\000r\000\137\000n\000m\000a\000p\000\137\000i\000n\000f\000o\000\137\000t\000\040\000S\000t\000r\000u\000c\000t\000\040\000R\000e\000f\000e\000r\000e\000n\000c\000e}{chapter.3}% 161
\BOOKMARK [2][-]{subsection.3.21.1}{\376\377\000D\000e\000t\000a\000i\000l\000e\000d\000\040\000D\000e\000s\000c\000r\000i\000p\000t\000i\000o\000n}{section.3.21}% 162
\BOOKMARK [2][-]{subsection.3.21.2}{\376\377\000F\000i\000e\000l\000d\000\040\000D\000o\000c\000u\000m\000e\000n\000t\000a\000t\000i\000o\000n}{section.3.21}% 163
\BOOKMARK [3][-]{subsubsection.3.21.2.1}{\376\377\000s\000e\000n\000s\000o\000r\000\137\000a\000d\000d\000r\000e\000s\000s}{subsection.3.21.2}% 164
\BOOKMARK [3][-]{subsubsection.3.21.2.2}{\376\377\000s\000e\000n\000s\000o\000r\000\137\000i\000d}{subsection.3.21.2}% 165
\BOOKMARK [1][-]{section.3.22}{\376\377\000r\000o\000u\000t\000e\000r\000\137\000s\000e\000n\000s\000o\000r\000\137\000e\000n\000a\000b\000l\000e\000\137\000r\000e\000p\000o\000r\000t\000\137\000t\000\040\000S\000t\000r\000u\000c\000t\000\040\000R\000e\000f\000e\000r\000e\000n\000c\000e}{chapter.3}% 166
\BOOKMARK [2][-]{subsection.3.22.1}{\376\377\000D\000e\000t\000a\000i\000l\000e\000d\000\040\000D\000e\000s\000c\000r\000i\000p\000t\000i\000o\000n}{section.3.22}% 167
\BOOKMARK [2][-]{subsection.3.22.2}{\376\377\000F\000i\000e\000l\000d\000\040\000D\000o\000c\000u\000m\000e\000n\000t\000a\000t\000i\000o\000n}{section.3.22}% 168
\BOOKMARK [3][-]{subsubsection.3.22.2.1}{\376\377\000n\000u\000m\000b\000e\000r\000\137\000s\000e\000n\000s\000o\000r\000s}{subsection.3.22.2}% 169
\BOOKMARK [3][-]{subsubsection.3.22.2.2}{\376\377\000s\000e\000n\000s\000o\000r\000\137\000c\000o\000n\000f\000i\000g\000\137\000e\000n\000a\000b\000l\000e}{subsection.3.22.2}% 170
\BOOKMARK [1][-]{section.3.23}{\376\377\000r\000o\000u\000t\000e\000r\000\137\000s\000t\000a\000t\000u\000s\000\137\000i\000n\000f\000o\000\137\000t\000\040\000S\000t\000r\000u\000c\000t\000\040\000R\000e\000f\000e\000r\000e\000n\000c\000e}{chapter.3}% 171
\BOOKMARK [2][-]{subsection.3.23.1}{\376\377\000D\000e\000t\000a\000i\000l\000e\000d\000\040\000D\000e\000s\000c\000r\000i\000p\000t\000i\000o\000n}{section.3.23}% 172
\BOOKMARK [2][-]{subsection.3.23.2}{\376\377\000F\000i\000e\000l\000d\000\040\000D\000o\000c\000u\000m\000e\000n\000t\000a\000t\000i\000o\000n}{section.3.23}% 173
\BOOKMARK [3][-]{subsubsection.3.23.2.1}{\376\377\000b\000a\000t\000t\000e\000r\000y\000\137\000v\000o\000l\000t\000a\000g\000e}{subsection.3.23.2}% 174
\BOOKMARK [3][-]{subsubsection.3.23.2.2}{\376\377\000d\000e\000b\000u\000g\000\137\000e\000n\000a\000b\000l\000e\000\137\000f\000l\000a\000g}{subsection.3.23.2}% 175
\BOOKMARK [3][-]{subsubsection.3.