23:53:44 **** Incremental Build of configuration Release for project Ti Chronos - Sensor Hub ****
make all 
Building file: ../Demo App/main.c
Invoking: MSP430 C Compiler
msp430-gcc -O3 -g0 -Wall -std=gnu89 -c -o "Demo App/main.o" "../Demo App/main.c"
msp430-gcc: error trying to exec 'cc1': execvp: No such file or directory
make: *** [Demo App/main.o] Error 1
23:53:44 **** Incremental Build of configuration Debug for project Ti Chronos - Sensor Hub ****
make all 
Building file: ../Demo App/main.c
msp430-gcc: error trying to exec 'cc1': execvp: No such file or directory
Invoking: MSP430 C Compiler
make: *** [Demo App/main.o] Error 1
msp430-gcc -I"/Users/francispapineau/Documents/4th year project/Source Code/Black-Box-Mouse-Interface/Original Code/V2.2/include" -I"/Users/francispapineau/Documents/4th year project/Source Code/Black-Box-Mouse-Interface/Original Code/V2.2/logic" -I"/Users/francispapineau/Documents/4th year project/Source Code/Black-Box-Mouse-Interface/Original Code/V2.2/driver" -I"/Users/francispapineau/Documents/4th year project/Source Code/Black-Box-Mouse-Interface/Original Code/V2.2/bluerobin" -I"/Users/francispapineau/Documents/4th year project/Source Code/Black-Box-Mouse-Interface/Original Code/V2.2/simpliciti" -I"/Users/francispapineau/Documents/4th year project/msp430-toolchain-mac_os_x-x86_64-2.2/msp430/include" -O0 -g -Wall -std=gnu89 -c -o "Demo App/main.o" "../Demo App/main.c"
20:14:28 **** Build of configuration Debug for project Sensor Hub - Demo ****
make all 
msp430-gcc: error trying to exec 'cc1': execvp: No such file or directory
Building file: ../logic/acceleration.c
make: *** [logic/acceleration.o] Error 1
Invoking: MSP430 C Compiler
msp430-gcc -I"/Users/francispapineau/Documents/4th year project/msp430-toolchain-mac_os_x-x86_64-2.2/msp430/include" -include"/Users/francispapineau/Documents/4th year project/Source Code/Black-Box-Mouse-Interface/Original Code/V2.2/include/project.h" -O0 -g -Wall -std=gnu89 -c -o "logic/acceleration.o" "../logic/acceleration.c"
20:14:28 **** Incremental Build of configuration Debug for project Sensor Hub - Demo ****
make all 
Building file: ../logic/acceleration.c
Invoking: MSP430 C Compiler
msp430-gcc -I"/Users/francispapineau/Documents/4th year project/msp430-toolchain-mac_os_x-x86_64-2.2/msp430/include" -include"/Users/francispapineau/Documents/4th year project/Source Code/Black-Box-Mouse-Interface/Original Code/V2.2/include/project.h" -O0 -g -Wall -std=gnu89 -c -o "logic/acceleration.o" "../logic/acceleration.c"
msp430-gcc: error trying to exec 'cc1': execvp: No such file or directory
make: *** [logic/acceleration.o] Error 1
20:14:33 **** Incremental Build of configuration Debug for project Sensor Hub - Demo ****
make all 
Building file: ../logic/acceleration.c
msp430-gcc: error trying to exec 'cc1': execvp: No such file or directory
make: *** [logic/acceleration.o] Error 1
Invoking: MSP430 C Compiler
msp430-gcc -I"/Users/francispapineau/Documents/4th year project/msp430-toolchain-mac_os_x-x86_64-2.2/msp430/include" -include"/Users/francispapineau/Documents/4th year project/Source Code/Black-Box-Mouse-Interface/Original Code/V2.2/include/project.h" -O0 -g -Wall -std=gnu89 -c -o "logic/acceleration.o" "../logic/acceleration.c"
20:14:34 **** Incremental Build of configuration Debug for project Sensor Hub - Demo ****
make all 
Building file: ../logic/acceleration.c
msp430-gcc: error trying to exec 'cc1': execvp: No such file or directory
Invoking: MSP430 C Compiler
make: *** [logic/acceleration.o] Error 1
msp430-gcc -I"/Users/francispapineau/Documents/4th year project/msp430-toolchain-mac_os_x-x86_64-2.2/msp430/include" -include"/Users/francispapineau/Documents/4th year project/Source Code/Black-Box-Mouse-Interface/Original Code/V2.2/include/project.h" -O0 -g -Wall -std=gnu89 -c -o "logic/acceleration.o" "../logic/acceleration.c"
